<?xml version="1.0" encoding="UTF-8"?>
<testsuite xmlns:xsi="http://www.w3.org/2001/XMLSchema-instance" xsi:noNamespaceSchemaLocation="https://maven.apache.org/surefire/maven-surefire-plugin/xsd/surefire-test-report-3.0.xsd" version="3.0" name="org.hisp.dhis.analytics.data.AnalyticsServiceTest" time="171.217" tests="4" errors="0" skipped="0" failures="0">
  <properties>
[...]
</properties>
  <testcase name="testMappingAggregation" classname="org.hisp.dhis.analytics.data.AnalyticsServiceTest" time="46.089">
    <system-out><![CDATA[* INFO  15:32:37,771 Found 7 analytics table types: [ORG_UNIT_TARGET, EVENT, VALIDATION_RESULT, DATA_VALUE, COMPLETENESS_TARGET, COMPLETENESS, ENROLLMENT] (DefaultAnalyticsTableGenerator.java [main])
* INFO  15:32:37,772 Analytics table update: AnalyticsTableUpdateParams{last years=null, skip resource tables=false, skip table types=[], skip programs=[], start time=2021-10-29T15:32:37} (DefaultAnalyticsTableGenerator.java [main])
* INFO  15:32:37,772 Last successful analytics table update: 'null' (DefaultAnalyticsTableGenerator.java [main])
* INFO  15:32:37,778 Generating resource table: '_orgunitstructure' (JdbcResourceTableStore.java [main])
* INFO  15:32:37,808 Resource table '_orgunitstructure' update done: '00:00:00.030' (JdbcResourceTableStore.java [main])
* INFO  15:32:37,813 Generating resource table: '_datasetorganisationunitcategory' (JdbcResourceTableStore.java [main])
* INFO  15:32:37,822 Resource table '_datasetorganisationunitcategory' update done: '00:00:00.008' (JdbcResourceTableStore.java [main])
* INFO  15:32:37,824 Generating resource table: '_categoryoptioncomboname' (JdbcResourceTableStore.java [main])
* INFO  15:32:37,831 Resource table '_categoryoptioncomboname' update done: '00:00:00.006' (JdbcResourceTableStore.java [main])
* INFO  15:32:37,835 Generating resource table: '_dataelementgroupsetstructure' (JdbcResourceTableStore.java [main])
* INFO  15:32:37,842 Resource table '_dataelementgroupsetstructure' update done: '00:00:00.006' (JdbcResourceTableStore.java [main])
* INFO  15:32:37,845 Generating resource table: '_indicatorgroupsetstructure' (JdbcResourceTableStore.java [main])
* INFO  15:32:37,851 Resource table '_indicatorgroupsetstructure' update done: '00:00:00.006' (JdbcResourceTableStore.java [main])
* INFO  15:32:37,855 Generating resource table: '_organisationunitgroupsetstructure' (JdbcResourceTableStore.java [main])
* INFO  15:32:37,866 Resource table '_organisationunitgroupsetstructure' update done: '00:00:00.011' (JdbcResourceTableStore.java [main])
* INFO  15:32:37,870 Generating resource table: '_categorystructure' (JdbcResourceTableStore.java [main])
* INFO  15:32:37,879 Resource table '_categorystructure' update done: '00:00:00.009' (JdbcResourceTableStore.java [main])
* INFO  15:32:37,882 Generating resource table: '_dataelementstructure' (JdbcResourceTableStore.java [main])
* INFO  15:32:37,900 Resource table '_dataelementstructure' update done: '00:00:00.017' (JdbcResourceTableStore.java [main])
* INFO  15:32:37,902 Generating resource table: '_periodstructure' (JdbcResourceTableStore.java [main])
* INFO  15:32:37,929 Resource table '_periodstructure' update done: '00:00:00.026' (JdbcResourceTableStore.java [main])
* INFO  15:32:37,930 Generating resource table: '_dateperiodstructure' (JdbcResourceTableStore.java [main])
* INFO  15:33:19,838 Resource table '_dateperiodstructure' update done: '00:00:41.907' (JdbcResourceTableStore.java [main])
* INFO  15:33:19,838 Generating resource table: '_dataelementcategoryoptioncombo' (JdbcResourceTableStore.java [main])
* INFO  15:33:19,846 Resource table '_dataelementcategoryoptioncombo' update done: '00:00:00.007' (JdbcResourceTableStore.java [main])
* INFO  15:33:19,854 Analytics table update parameters: AnalyticsTableUpdateParams{last years=null, skip resource tables=false, skip table types=[], skip programs=[], start time=2021-10-29T15:32:37} (DefaultAnalyticsTableService.java [main])
* INFO  15:33:19,854 Starting update of type: DATA_VALUE, table name: 'analytics', processes: 2: 00:00:00.000 (Clock.java [main])
* INFO  15:33:19,874 Table update start: analytics, earliest: null, parameters: AnalyticsTableUpdateParams{last years=null, skip resource tables=false, skip table types=[], skip programs=[], start time=2021-10-29T15:32:37}: 00:00:00.019 (Clock.java [main])
* INFO  15:33:19,878 Performed pre-create table work: 00:00:00.023 (Clock.java [main])
* INFO  15:33:19,878 Dropped temp tables: 00:00:00.024 (Clock.java [main])
* INFO  15:33:19,886 Created analytics tables: 00:00:00.031 (Clock.java [main])
* INFO  15:33:19,887 Populate table task number: 1 (DefaultAnalyticsTableService.java [main])
* INFO  15:33:19,924 Populate analytics_temp_2017 [INTEGER, INTEGER_POSITIVE, INTEGER_NEGATIVE, INTEGER_ZERO_OR_POSITIVE, NUMBER, UNIT_INTERVAL, PERCENTAGE] in: 0.020499 sec. (AbstractJdbcTableManager.java [taskScheduler-19])
* INFO  15:33:19,955 Populate analytics_temp_2017 [TRUE_ONLY, BOOLEAN] in: 0.018514 sec. (AbstractJdbcTableManager.java [taskScheduler-19])
* INFO  15:33:19,980 Populate analytics_temp_2017 [BOOLEAN] in: 0.014400 sec. (AbstractJdbcTableManager.java [taskScheduler-19])
* INFO  15:33:20,010 Populate analytics_temp_2017 [TEXT, LONG_TEXT, LETTER, TIME, USERNAME, EMAIL, PHONE_NUMBER, URL, DATE, DATETIME, AGE] in: 0.017994 sec. (AbstractJdbcTableManager.java [taskScheduler-19])
* INFO  15:33:20,010 Populated analytics tables: 00:00:00.155 (Clock.java [main])
* INFO  15:33:20,013 Invoked analytics table hooks: 00:00:00.158 (Clock.java [main])
* INFO  15:33:20,021 Applied aggregation levels: 00:00:00.166 (Clock.java [main])
* INFO  15:33:20,021 No of analytics table indexes: 35 (DefaultAnalyticsTableService.java [main])
* INFO  15:33:20,065 Created indexes: 00:00:00.210 (Clock.java [main])
* INFO  15:33:20,067 Analyzed tables: 00:00:00.212 (Clock.java [main])
* INFO  15:33:20,067 Removed updated and deleted data: 00:00:00.213 (Clock.java [main])
* INFO  15:33:20,071 Swapping table, master table exists: true, skip master table: false (AbstractJdbcTableManager.java [main])
* INFO  15:33:20,076 Table update done: analytics: 00:00:00.222 (Clock.java [main])
* INFO  15:33:20,078 Analytics table update parameters: AnalyticsTableUpdateParams{last years=null, skip resource tables=false, skip table types=[], skip programs=[], start time=2021-10-29T15:32:37} (DefaultAnalyticsTableService.java [main])
* INFO  15:33:20,079 Starting update of type: COMPLETENESS, table name: 'analytics_completeness', processes: 2: 00:00:00.000 (Clock.java [main])
* INFO  15:33:20,095 Table update start: analytics_completeness, earliest: null, parameters: AnalyticsTableUpdateParams{last years=null, skip resource tables=false, skip table types=[], skip programs=[], start time=2021-10-29T15:32:37}: 00:00:00.016 (Clock.java [main])
* INFO  15:33:20,096 Performed pre-create table work: 00:00:00.016 (Clock.java [main])
* INFO  15:33:20,096 Dropped temp tables: 00:00:00.017 (Clock.java [main])
* INFO  15:33:20,103 Created analytics tables: 00:00:00.024 (Clock.java [main])
* INFO  15:33:20,105 Populate table task number: 1 (DefaultAnalyticsTableService.java [main])
* INFO  15:33:20,112 Populate analytics_completeness_temp_2017 in: 0.006586 sec. (AbstractJdbcTableManager.java [taskScheduler-13])
* INFO  15:33:20,112 Populated analytics tables: 00:00:00.033 (Clock.java [main])
* INFO  15:33:20,114 Invoked analytics table hooks: 00:00:00.035 (Clock.java [main])
* INFO  15:33:20,120 Applied aggregation levels: 00:00:00.041 (Clock.java [main])
* INFO  15:33:20,120 No of analytics table indexes: 28 (DefaultAnalyticsTableService.java [main])
* INFO  15:33:20,165 Created indexes: 00:00:00.086 (Clock.java [main])
* INFO  15:33:20,168 Analyzed tables: 00:00:00.088 (Clock.java [main])
* INFO  15:33:20,168 Removed updated and deleted data: 00:00:00.089 (Clock.java [main])
* INFO  15:33:20,171 Swapping table, master table exists: true, skip master table: false (AbstractJdbcTableManager.java [main])
* INFO  15:33:20,176 Table update done: analytics_completeness: 00:00:00.096 (Clock.java [main])
* INFO  15:33:20,177 Analytics table update parameters: AnalyticsTableUpdateParams{last years=null, skip resource tables=false, skip table types=[], skip programs=[], start time=2021-10-29T15:32:37} (DefaultAnalyticsTableService.java [main])
* INFO  15:33:20,177 Starting update of type: COMPLETENESS_TARGET, table name: 'analytics_completenesstarget', processes: 2: 00:00:00.000 (Clock.java [main])
* INFO  15:33:20,183 Table update start: analytics_completenesstarget, earliest: null, parameters: AnalyticsTableUpdateParams{last years=null, skip resource tables=false, skip table types=[], skip programs=[], start time=2021-10-29T15:32:37}: 00:00:00.005 (Clock.java [main])
* INFO  15:33:20,183 Performed pre-create table work: 00:00:00.005 (Clock.java [main])
* INFO  15:33:20,184 Dropped temp tables: 00:00:00.006 (Clock.java [main])
* INFO  15:33:20,186 Created analytics tables: 00:00:00.008 (Clock.java [main])
* INFO  15:33:20,187 Populate table task number: 1 (DefaultAnalyticsTableService.java [main])
* INFO  15:33:20,191 Populate analytics_completenesstarget_temp in: 0.003161 sec. (AbstractJdbcTableManager.java [taskScheduler-22])
* INFO  15:33:20,191 Populated analytics tables: 00:00:00.014 (Clock.java [main])
* INFO  15:33:20,193 Invoked analytics table hooks: 00:00:00.015 (Clock.java [main])
* INFO  15:33:20,199 Applied aggregation levels: 00:00:00.021 (Clock.java [main])
* INFO  15:33:20,200 No of analytics table indexes: 12 (DefaultAnalyticsTableService.java [main])
* INFO  15:33:20,216 Created indexes: 00:00:00.038 (Clock.java [main])
* INFO  15:33:20,218 Analyzed tables: 00:00:00.040 (Clock.java [main])
* INFO  15:33:20,218 Removed updated and deleted data: 00:00:00.040 (Clock.java [main])
* INFO  15:33:20,221 Swapping table, master table exists: true, skip master table: false (AbstractJdbcTableManager.java [main])
* INFO  15:33:20,224 Table update done: analytics_completenesstarget: 00:00:00.046 (Clock.java [main])
* INFO  15:33:20,225 Analytics table update parameters: AnalyticsTableUpdateParams{last years=null, skip resource tables=false, skip table types=[], skip programs=[], start time=2021-10-29T15:32:37} (DefaultAnalyticsTableService.java [main])
* INFO  15:33:20,226 Starting update of type: ORG_UNIT_TARGET, table name: 'analytics_orgunittarget', processes: 2: 00:00:00.000 (Clock.java [main])
* INFO  15:33:20,229 Table update start: analytics_orgunittarget, earliest: null, parameters: AnalyticsTableUpdateParams{last years=null, skip resource tables=false, skip table types=[], skip programs=[], start time=2021-10-29T15:32:37}: 00:00:00.003 (Clock.java [main])
* INFO  15:33:20,229 Performed pre-create table work: 00:00:00.003 (Clock.java [main])
* INFO  15:33:20,230 Dropped temp tables: 00:00:00.004 (Clock.java [main])
* INFO  15:33:20,232 Created analytics tables: 00:00:00.006 (Clock.java [main])
* INFO  15:33:20,233 Populate table task number: 1 (DefaultAnalyticsTableService.java [main])
* INFO  15:33:20,235 analytics_orgunittarget_temp in: 0.001002 sec. (AbstractJdbcTableManager.java [taskScheduler-24])
* INFO  15:33:20,235 Populated analytics tables: 00:00:00.009 (Clock.java [main])
* INFO  15:33:20,237 Invoked analytics table hooks: 00:00:00.011 (Clock.java [main])
* INFO  15:33:20,244 Applied aggregation levels: 00:00:00.017 (Clock.java [main])
* INFO  15:33:20,244 No of analytics table indexes: 4 (DefaultAnalyticsTableService.java [main])
* INFO  15:33:20,252 Created indexes: 00:00:00.026 (Clock.java [main])
* INFO  15:33:20,254 Analyzed tables: 00:00:00.027 (Clock.java [main])
* INFO  15:33:20,254 Removed updated and deleted data: 00:00:00.028 (Clock.java [main])
* INFO  15:33:20,257 Swapping table, master table exists: true, skip master table: false (AbstractJdbcTableManager.java [main])
* INFO  15:33:20,260 Table update done: analytics_orgunittarget: 00:00:00.033 (Clock.java [main])
* INFO  15:33:20,261 Analytics table update parameters: AnalyticsTableUpdateParams{last years=null, skip resource tables=false, skip table types=[], skip programs=[], start time=2021-10-29T15:32:37} (DefaultAnalyticsTableService.java [main])
* INFO  15:33:20,261 Starting update of type: EVENT, table name: 'analytics_event', processes: 2: 00:00:00.000 (Clock.java [main])
* INFO  15:33:20,265 Analytics table update parameters: AnalyticsTableUpdateParams{last years=null, skip resource tables=false, skip table types=[], skip programs=[], start time=2021-10-29T15:32:37} (DefaultAnalyticsTableService.java [main])
* INFO  15:33:20,265 Starting update of type: VALIDATION_RESULT, table name: 'analytics_validationresult', processes: 2: 00:00:00.000 (Clock.java [main])
* INFO  15:33:20,277 Table update start: analytics_validationresult, earliest: null, parameters: AnalyticsTableUpdateParams{last years=null, skip resource tables=false, skip table types=[], skip programs=[], start time=2021-10-29T15:32:37}: 00:00:00.011 (Clock.java [main])
* INFO  15:33:20,277 Performed pre-create table work: 00:00:00.012 (Clock.java [main])
* INFO  15:33:20,278 Dropped temp tables: 00:00:00.012 (Clock.java [main])
* INFO  15:33:20,284 Created analytics tables: 00:00:00.019 (Clock.java [main])
* INFO  15:33:20,286 Populate table task number: 1 (DefaultAnalyticsTableService.java [main])
* INFO  15:33:20,290 Populate analytics_validationresult_temp_2017 in: 0.003130 sec. (AbstractJdbcTableManager.java [taskScheduler-17])
* INFO  15:33:20,290 Populated analytics tables: 00:00:00.024 (Clock.java [main])
* INFO  15:33:20,292 Invoked analytics table hooks: 00:00:00.026 (Clock.java [main])
* INFO  15:33:20,297 Applied aggregation levels: 00:00:00.032 (Clock.java [main])
* INFO  15:33:20,299 No of analytics table indexes: 28 (DefaultAnalyticsTableService.java [main])
* INFO  15:33:20,334 Created indexes: 00:00:00.068 (Clock.java [main])
* INFO  15:33:20,336 Analyzed tables: 00:00:00.071 (Clock.java [main])
* INFO  15:33:20,336 Removed updated and deleted data: 00:00:00.071 (Clock.java [main])
* INFO  15:33:20,341 Swapping table, master table exists: true, skip master table: false (AbstractJdbcTableManager.java [main])
* INFO  15:33:20,345 Table update done: analytics_validationresult: 00:00:00.080 (Clock.java [main])
* INFO  15:33:20,347 Analytics table update parameters: AnalyticsTableUpdateParams{last years=null, skip resource tables=false, skip table types=[], skip programs=[], start time=2021-10-29T15:32:37} (DefaultAnalyticsTableService.java [main])
* INFO  15:33:20,347 Starting update of type: ENROLLMENT, table name: 'analytics_enrollment', processes: 2: 00:00:00.000 (Clock.java [main])
* INFO  15:33:20,350 Analytics tables updated: 00:00:42.583 (Clock.java [main])
* INFO  15:33:21,689 Analytics tables dropped (DefaultAnalyticsTableService.java [main])
* INFO  15:33:21,695 Analytics tables dropped (DefaultAnalyticsTableService.java [main])
* INFO  15:33:21,698 Analytics tables dropped (DefaultAnalyticsTableService.java [main])
* INFO  15:33:21,700 Analytics tables dropped (DefaultAnalyticsTableService.java [main])
* INFO  15:33:21,701 Analytics tables dropped (DefaultAnalyticsTableService.java [main])
* INFO  15:33:21,705 Analytics tables dropped (DefaultAnalyticsTableService.java [main])
* INFO  15:33:21,705 Analytics tables dropped (DefaultAnalyticsTableService.java [main])
]]></system-out>
  </testcase>
  <testcase name="queryValidationResultTable" classname="org.hisp.dhis.analytics.data.AnalyticsServiceTest" time="41.134">
    <system-out><![CDATA[* INFO  15:33:23,397 Found 7 analytics table types: [ORG_UNIT_TARGET, EVENT, VALIDATION_RESULT, DATA_VALUE, COMPLETENESS_TARGET, COMPLETENESS, ENROLLMENT] (DefaultAnalyticsTableGenerator.java [main])
* INFO  15:33:23,397 Analytics table update: AnalyticsTableUpdateParams{last years=null, skip resource tables=false, skip table types=[], skip programs=[], start time=2021-10-29T15:33:23} (DefaultAnalyticsTableGenerator.java [main])
* INFO  15:33:23,398 Last successful analytics table update: 'null' (DefaultAnalyticsTableGenerator.java [main])
* INFO  15:33:23,401 Generating resource table: '_orgunitstructure' (JdbcResourceTableStore.java [main])
* INFO  15:33:23,418 Resource table '_orgunitstructure' update done: '00:00:00.016' (JdbcResourceTableStore.java [main])
* INFO  15:33:23,422 Generating resource table: '_datasetorganisationunitcategory' (JdbcResourceTableStore.java [main])
* INFO  15:33:23,430 Resource table '_datasetorganisationunitcategory' update done: '00:00:00.007' (JdbcResourceTableStore.java [main])
* INFO  15:33:23,432 Generating resource table: '_categoryoptioncomboname' (JdbcResourceTableStore.java [main])
* INFO  15:33:23,438 Resource table '_categoryoptioncomboname' update done: '00:00:00.005' (JdbcResourceTableStore.java [main])
* INFO  15:33:23,440 Generating resource table: '_dataelementgroupsetstructure' (JdbcResourceTableStore.java [main])
* INFO  15:33:23,446 Resource table '_dataelementgroupsetstructure' update done: '00:00:00.005' (JdbcResourceTableStore.java [main])
* INFO  15:33:23,448 Generating resource table: '_indicatorgroupsetstructure' (JdbcResourceTableStore.java [main])
* INFO  15:33:23,456 Resource table '_indicatorgroupsetstructure' update done: '00:00:00.007' (JdbcResourceTableStore.java [main])
* INFO  15:33:23,459 Generating resource table: '_organisationunitgroupsetstructure' (JdbcResourceTableStore.java [main])
* INFO  15:33:23,470 Resource table '_organisationunitgroupsetstructure' update done: '00:00:00.010' (JdbcResourceTableStore.java [main])
* INFO  15:33:23,473 Generating resource table: '_categorystructure' (JdbcResourceTableStore.java [main])
* INFO  15:33:23,483 Resource table '_categorystructure' update done: '00:00:00.009' (JdbcResourceTableStore.java [main])
* INFO  15:33:23,485 Generating resource table: '_dataelementstructure' (JdbcResourceTableStore.java [main])
* INFO  15:33:23,502 Resource table '_dataelementstructure' update done: '00:00:00.016' (JdbcResourceTableStore.java [main])
* INFO  15:33:23,504 Generating resource table: '_periodstructure' (JdbcResourceTableStore.java [main])
* INFO  15:33:23,528 Resource table '_periodstructure' update done: '00:00:00.023' (JdbcResourceTableStore.java [main])
* INFO  15:33:23,529 Generating resource table: '_dateperiodstructure' (JdbcResourceTableStore.java [main])
* INFO  15:34:02,351 Resource table '_dateperiodstructure' update done: '00:00:38.821' (JdbcResourceTableStore.java [main])
* INFO  15:34:02,351 Generating resource table: '_dataelementcategoryoptioncombo' (JdbcResourceTableStore.java [main])
* INFO  15:34:02,359 Resource table '_dataelementcategoryoptioncombo' update done: '00:00:00.007' (JdbcResourceTableStore.java [main])
* INFO  15:34:02,367 Analytics table update parameters: AnalyticsTableUpdateParams{last years=null, skip resource tables=false, skip table types=[], skip programs=[], start time=2021-10-29T15:33:23} (DefaultAnalyticsTableService.java [main])
* INFO  15:34:02,367 Starting update of type: DATA_VALUE, table name: 'analytics', processes: 2: 00:00:00.000 (Clock.java [main])
* INFO  15:34:02,382 Table update start: analytics, earliest: null, parameters: AnalyticsTableUpdateParams{last years=null, skip resource tables=false, skip table types=[], skip programs=[], start time=2021-10-29T15:33:23}: 00:00:00.015 (Clock.java [main])
* INFO  15:34:02,386 Performed pre-create table work: 00:00:00.018 (Clock.java [main])
* INFO  15:34:02,386 Dropped temp tables: 00:00:00.019 (Clock.java [main])
* INFO  15:34:02,390 Created analytics tables: 00:00:00.023 (Clock.java [main])
* INFO  15:34:02,393 Populate table task number: 1 (DefaultAnalyticsTableService.java [main])
* INFO  15:34:02,430 Populate analytics_temp_2017 [INTEGER, INTEGER_POSITIVE, INTEGER_NEGATIVE, INTEGER_ZERO_OR_POSITIVE, NUMBER, UNIT_INTERVAL, PERCENTAGE] in: 0.020753 sec. (AbstractJdbcTableManager.java [taskScheduler-13])
* INFO  15:34:02,468 Populate analytics_temp_2017 [TRUE_ONLY, BOOLEAN] in: 0.019360 sec. (AbstractJdbcTableManager.java [taskScheduler-13])
* INFO  15:34:02,493 Populate analytics_temp_2017 [BOOLEAN] in: 0.014920 sec. (AbstractJdbcTableManager.java [taskScheduler-13])
* INFO  15:34:02,519 Populate analytics_temp_2017 [TEXT, LONG_TEXT, LETTER, TIME, USERNAME, EMAIL, PHONE_NUMBER, URL, DATE, DATETIME, AGE] in: 0.014801 sec. (AbstractJdbcTableManager.java [taskScheduler-13])
* INFO  15:34:02,519 Populated analytics tables: 00:00:00.152 (Clock.java [main])
* INFO  15:34:02,522 Invoked analytics table hooks: 00:00:00.154 (Clock.java [main])
* INFO  15:34:02,527 Applied aggregation levels: 00:00:00.160 (Clock.java [main])
* INFO  15:34:02,528 No of analytics table indexes: 35 (DefaultAnalyticsTableService.java [main])
* INFO  15:34:02,564 Created indexes: 00:00:00.197 (Clock.java [main])
* INFO  15:34:02,570 Analyzed tables: 00:00:00.203 (Clock.java [main])
* INFO  15:34:02,571 Removed updated and deleted data: 00:00:00.203 (Clock.java [main])
* INFO  15:34:02,573 Swapping table, master table exists: true, skip master table: false (AbstractJdbcTableManager.java [main])
* INFO  15:34:02,582 Table update done: analytics: 00:00:00.215 (Clock.java [main])
* INFO  15:34:02,584 Analytics table update parameters: AnalyticsTableUpdateParams{last years=null, skip resource tables=false, skip table types=[], skip programs=[], start time=2021-10-29T15:33:23} (DefaultAnalyticsTableService.java [main])
* INFO  15:34:02,584 Starting update of type: COMPLETENESS, table name: 'analytics_completeness', processes: 2: 00:00:00.000 (Clock.java [main])
* INFO  15:34:02,593 Table update start: analytics_completeness, earliest: null, parameters: AnalyticsTableUpdateParams{last years=null, skip resource tables=false, skip table types=[], skip programs=[], start time=2021-10-29T15:33:23}: 00:00:00.008 (Clock.java [main])
* INFO  15:34:02,593 Performed pre-create table work: 00:00:00.008 (Clock.java [main])
* INFO  15:34:02,593 Dropped temp tables: 00:00:00.009 (Clock.java [main])
* INFO  15:34:02,601 Created analytics tables: 00:00:00.016 (Clock.java [main])
* INFO  15:34:02,602 Populate table task number: 1 (DefaultAnalyticsTableService.java [main])
* INFO  15:34:02,611 Populate analytics_completeness_temp_2017 in: 0.008293 sec. (AbstractJdbcTableManager.java [taskScheduler-14])
* INFO  15:34:02,611 Populated analytics tables: 00:00:00.027 (Clock.java [main])
* INFO  15:34:02,613 Invoked analytics table hooks: 00:00:00.029 (Clock.java [main])
* INFO  15:34:02,619 Applied aggregation levels: 00:00:00.034 (Clock.java [main])
* INFO  15:34:02,619 No of analytics table indexes: 28 (DefaultAnalyticsTableService.java [main])
* INFO  15:34:02,645 Created indexes: 00:00:00.061 (Clock.java [main])
* INFO  15:34:02,647 Analyzed tables: 00:00:00.063 (Clock.java [main])
* INFO  15:34:02,647 Removed updated and deleted data: 00:00:00.063 (Clock.java [main])
* INFO  15:34:02,650 Swapping table, master table exists: true, skip master table: false (AbstractJdbcTableManager.java [main])
* INFO  15:34:02,656 Table update done: analytics_completeness: 00:00:00.072 (Clock.java [main])
* INFO  15:34:02,658 Analytics table update parameters: AnalyticsTableUpdateParams{last years=null, skip resource tables=false, skip table types=[], skip programs=[], start time=2021-10-29T15:33:23} (DefaultAnalyticsTableService.java [main])
* INFO  15:34:02,658 Starting update of type: COMPLETENESS_TARGET, table name: 'analytics_completenesstarget', processes: 2: 00:00:00.000 (Clock.java [main])
* INFO  15:34:02,662 Table update start: analytics_completenesstarget, earliest: null, parameters: AnalyticsTableUpdateParams{last years=null, skip resource tables=false, skip table types=[], skip programs=[], start time=2021-10-29T15:33:23}: 00:00:00.004 (Clock.java [main])
* INFO  15:34:02,663 Performed pre-create table work: 00:00:00.004 (Clock.java [main])
* INFO  15:34:02,663 Dropped temp tables: 00:00:00.005 (Clock.java [main])
* INFO  15:34:02,665 Created analytics tables: 00:00:00.007 (Clock.java [main])
* INFO  15:34:02,666 Populate table task number: 1 (DefaultAnalyticsTableService.java [main])
* INFO  15:34:02,670 Populate analytics_completenesstarget_temp in: 0.003563 sec. (AbstractJdbcTableManager.java [taskScheduler-23])
* INFO  15:34:02,671 Populated analytics tables: 00:00:00.012 (Clock.java [main])
* INFO  15:34:02,673 Invoked analytics table hooks: 00:00:00.015 (Clock.java [main])
* INFO  15:34:02,678 Applied aggregation levels: 00:00:00.019 (Clock.java [main])
* INFO  15:34:02,678 No of analytics table indexes: 12 (DefaultAnalyticsTableService.java [main])
* INFO  15:34:02,693 Created indexes: 00:00:00.034 (Clock.java [main])
* INFO  15:34:02,693 Analyzed tables: 00:00:00.035 (Clock.java [main])
* INFO  15:34:02,694 Removed updated and deleted data: 00:00:00.035 (Clock.java [main])
* INFO  15:34:02,696 Swapping table, master table exists: true, skip master table: false (AbstractJdbcTableManager.java [main])
* INFO  15:34:02,698 Table update done: analytics_completenesstarget: 00:00:00.040 (Clock.java [main])
* INFO  15:34:02,700 Analytics table update parameters: AnalyticsTableUpdateParams{last years=null, skip resource tables=false, skip table types=[], skip programs=[], start time=2021-10-29T15:33:23} (DefaultAnalyticsTableService.java [main])
* INFO  15:34:02,700 Starting update of type: ORG_UNIT_TARGET, table name: 'analytics_orgunittarget', processes: 2: 00:00:00.000 (Clock.java [main])
* INFO  15:34:02,702 Table update start: analytics_orgunittarget, earliest: null, parameters: AnalyticsTableUpdateParams{last years=null, skip resource tables=false, skip table types=[], skip programs=[], start time=2021-10-29T15:33:23}: 00:00:00.002 (Clock.java [main])
* INFO  15:34:02,703 Performed pre-create table work: 00:00:00.002 (Clock.java [main])
* INFO  15:34:02,703 Dropped temp tables: 00:00:00.003 (Clock.java [main])
* INFO  15:34:02,705 Created analytics tables: 00:00:00.005 (Clock.java [main])
* INFO  15:34:02,706 Populate table task number: 1 (DefaultAnalyticsTableService.java [main])
* INFO  15:34:02,708 analytics_orgunittarget_temp in: 0.001014 sec. (AbstractJdbcTableManager.java [taskScheduler-25])
* INFO  15:34:02,708 Populated analytics tables: 00:00:00.008 (Clock.java [main])
* INFO  15:34:02,710 Invoked analytics table hooks: 00:00:00.009 (Clock.java [main])
* INFO  15:34:02,715 Applied aggregation levels: 00:00:00.014 (Clock.java [main])
* INFO  15:34:02,715 No of analytics table indexes: 4 (DefaultAnalyticsTableService.java [main])
* INFO  15:34:02,721 Created indexes: 00:00:00.021 (Clock.java [main])
* INFO  15:34:02,722 Analyzed tables: 00:00:00.021 (Clock.java [main])
* INFO  15:34:02,722 Removed updated and deleted data: 00:00:00.022 (Clock.java [main])
* INFO  15:34:02,725 Swapping table, master table exists: true, skip master table: false (AbstractJdbcTableManager.java [main])
* INFO  15:34:02,734 Table update done: analytics_orgunittarget: 00:00:00.033 (Clock.java [main])
* INFO  15:34:02,735 Analytics table update parameters: AnalyticsTableUpdateParams{last years=null, skip resource tables=false, skip table types=[], skip programs=[], start time=2021-10-29T15:33:23} (DefaultAnalyticsTableService.java [main])
* INFO  15:34:02,735 Starting update of type: EVENT, table name: 'analytics_event', processes: 2: 00:00:00.000 (Clock.java [main])
* INFO  15:34:02,737 Analytics table update parameters: AnalyticsTableUpdateParams{last years=null, skip resource tables=false, skip table types=[], skip programs=[], start time=2021-10-29T15:33:23} (DefaultAnalyticsTableService.java [main])
* INFO  15:34:02,737 Starting update of type: VALIDATION_RESULT, table name: 'analytics_validationresult', processes: 2: 00:00:00.000 (Clock.java [main])
* INFO  15:34:02,747 Table update start: analytics_validationresult, earliest: null, parameters: AnalyticsTableUpdateParams{last years=null, skip resource tables=false, skip table types=[], skip programs=[], start time=2021-10-29T15:33:23}: 00:00:00.009 (Clock.java [main])
* INFO  15:34:02,747 Performed pre-create table work: 00:00:00.009 (Clock.java [main])
* INFO  15:34:02,747 Dropped temp tables: 00:00:00.010 (Clock.java [main])
* INFO  15:34:02,756 Created analytics tables: 00:00:00.018 (Clock.java [main])
* INFO  15:34:02,757 Populate table task number: 1 (DefaultAnalyticsTableService.java [main])
* INFO  15:34:02,762 Populate analytics_validationresult_temp_2017 in: 0.004265 sec. (AbstractJdbcTableManager.java [taskScheduler-5])
* INFO  15:34:02,762 Populated analytics tables: 00:00:00.024 (Clock.java [main])
* INFO  15:34:02,763 Invoked analytics table hooks: 00:00:00.026 (Clock.java [main])
* INFO  15:34:02,768 Applied aggregation levels: 00:00:00.031 (Clock.java [main])
* INFO  15:34:02,769 No of analytics table indexes: 28 (DefaultAnalyticsTableService.java [main])
* INFO  15:34:02,802 Created indexes: 00:00:00.065 (Clock.java [main])
* INFO  15:34:02,804 Analyzed tables: 00:00:00.066 (Clock.java [main])
* INFO  15:34:02,804 Removed updated and deleted data: 00:00:00.067 (Clock.java [main])
* INFO  15:34:02,807 Swapping table, master table exists: true, skip master table: false (AbstractJdbcTableManager.java [main])
* INFO  15:34:02,811 Table update done: analytics_validationresult: 00:00:00.073 (Clock.java [main])
* INFO  15:34:02,812 Analytics table update parameters: AnalyticsTableUpdateParams{last years=null, skip resource tables=false, skip table types=[], skip programs=[], start time=2021-10-29T15:33:23} (DefaultAnalyticsTableService.java [main])
* INFO  15:34:02,813 Starting update of type: ENROLLMENT, table name: 'analytics_enrollment', processes: 2: 00:00:00.000 (Clock.java [main])
* INFO  15:34:02,814 Analytics tables updated: 00:00:39.419 (Clock.java [main])
* INFO  15:34:02,839 Analytics tables dropped (DefaultAnalyticsTableService.java [main])
* INFO  15:34:02,843 Analytics tables dropped (DefaultAnalyticsTableService.java [main])
* INFO  15:34:02,848 Analytics tables dropped (DefaultAnalyticsTableService.java [main])
* INFO  15:34:02,852 Analytics tables dropped (DefaultAnalyticsTableService.java [main])
* INFO  15:34:02,852 Analytics tables dropped (DefaultAnalyticsTableService.java [main])
* INFO  15:34:02,856 Analytics tables dropped (DefaultAnalyticsTableService.java [main])
* INFO  15:34:02,856 Analytics tables dropped (DefaultAnalyticsTableService.java [main])
]]></system-out>
  </testcase>
  <testcase name="testGridAggregation" classname="org.hisp.dhis.analytics.data.AnalyticsServiceTest" time="42.103">
    <system-out><![CDATA[* INFO  15:34:04,444 Found 7 analytics table types: [ORG_UNIT_TARGET, EVENT, VALIDATION_RESULT, DATA_VALUE, COMPLETENESS_TARGET, COMPLETENESS, ENROLLMENT] (DefaultAnalyticsTableGenerator.java [main])
* INFO  15:34:04,444 Analytics table update: AnalyticsTableUpdateParams{last years=null, skip resource tables=false, skip table types=[], skip programs=[], start time=2021-10-29T15:34:04} (DefaultAnalyticsTableGenerator.java [main])
* INFO  15:34:04,445 Last successful analytics table update: 'null' (DefaultAnalyticsTableGenerator.java [main])
* INFO  15:34:04,447 Generating resource table: '_orgunitstructure' (JdbcResourceTableStore.java [main])
* INFO  15:34:04,461 Resource table '_orgunitstructure' update done: '00:00:00.013' (JdbcResourceTableStore.java [main])
* INFO  15:34:04,465 Generating resource table: '_datasetorganisationunitcategory' (JdbcResourceTableStore.java [main])
* INFO  15:34:04,473 Resource table '_datasetorganisationunitcategory' update done: '00:00:00.007' (JdbcResourceTableStore.java [main])
* INFO  15:34:04,475 Generating resource table: '_categoryoptioncomboname' (JdbcResourceTableStore.java [main])
* INFO  15:34:04,481 Resource table '_categoryoptioncomboname' update done: '00:00:00.005' (JdbcResourceTableStore.java [main])
* INFO  15:34:04,483 Generating resource table: '_dataelementgroupsetstructure' (JdbcResourceTableStore.java [main])
* INFO  15:34:04,489 Resource table '_dataelementgroupsetstructure' update done: '00:00:00.006' (JdbcResourceTableStore.java [main])
* INFO  15:34:04,491 Generating resource table: '_indicatorgroupsetstructure' (JdbcResourceTableStore.java [main])
* INFO  15:34:04,497 Resource table '_indicatorgroupsetstructure' update done: '00:00:00.005' (JdbcResourceTableStore.java [main])
* INFO  15:34:04,499 Generating resource table: '_organisationunitgroupsetstructure' (JdbcResourceTableStore.java [main])
* INFO  15:34:04,510 Resource table '_organisationunitgroupsetstructure' update done: '00:00:00.010' (JdbcResourceTableStore.java [main])
* INFO  15:34:04,513 Generating resource table: '_categorystructure' (JdbcResourceTableStore.java [main])
* INFO  15:34:04,522 Resource table '_categorystructure' update done: '00:00:00.008' (JdbcResourceTableStore.java [main])
* INFO  15:34:04,525 Generating resource table: '_dataelementstructure' (JdbcResourceTableStore.java [main])
* INFO  15:34:04,543 Resource table '_dataelementstructure' update done: '00:00:00.018' (JdbcResourceTableStore.java [main])
* INFO  15:34:04,545 Generating resource table: '_periodstructure' (JdbcResourceTableStore.java [main])
* INFO  15:34:04,576 Resource table '_periodstructure' update done: '00:00:00.030' (JdbcResourceTableStore.java [main])
* INFO  15:34:04,577 Generating resource table: '_dateperiodstructure' (JdbcResourceTableStore.java [main])
* INFO  15:34:43,587 Resource table '_dateperiodstructure' update done: '00:00:39.009' (JdbcResourceTableStore.java [main])
* INFO  15:34:43,587 Generating resource table: '_dataelementcategoryoptioncombo' (JdbcResourceTableStore.java [main])
* INFO  15:34:43,603 Resource table '_dataelementcategoryoptioncombo' update done: '00:00:00.015' (JdbcResourceTableStore.java [main])
* INFO  15:34:43,612 Analytics table update parameters: AnalyticsTableUpdateParams{last years=null, skip resource tables=false, skip table types=[], skip programs=[], start time=2021-10-29T15:34:04} (DefaultAnalyticsTableService.java [main])
* INFO  15:34:43,613 Starting update of type: DATA_VALUE, table name: 'analytics', processes: 2: 00:00:00.000 (Clock.java [main])
* INFO  15:34:43,627 Table update start: analytics, earliest: null, parameters: AnalyticsTableUpdateParams{last years=null, skip resource tables=false, skip table types=[], skip programs=[], start time=2021-10-29T15:34:04}: 00:00:00.014 (Clock.java [main])
* INFO  15:34:43,631 Performed pre-create table work: 00:00:00.018 (Clock.java [main])
* INFO  15:34:43,631 Dropped temp tables: 00:00:00.018 (Clock.java [main])
* INFO  15:34:43,635 Created analytics tables: 00:00:00.022 (Clock.java [main])
* INFO  15:34:43,636 Populate table task number: 1 (DefaultAnalyticsTableService.java [main])
* INFO  15:34:43,669 Populate analytics_temp_2017 [INTEGER, INTEGER_POSITIVE, INTEGER_NEGATIVE, INTEGER_ZERO_OR_POSITIVE, NUMBER, UNIT_INTERVAL, PERCENTAGE] in: 0.019867 sec. (AbstractJdbcTableManager.java [taskScheduler-22])
* INFO  15:34:43,698 Populate analytics_temp_2017 [TRUE_ONLY, BOOLEAN] in: 0.018370 sec. (AbstractJdbcTableManager.java [taskScheduler-22])
* INFO  15:34:43,723 Populate analytics_temp_2017 [BOOLEAN] in: 0.014643 sec. (AbstractJdbcTableManager.java [taskScheduler-22])
* INFO  15:34:43,752 Populate analytics_temp_2017 [TEXT, LONG_TEXT, LETTER, TIME, USERNAME, EMAIL, PHONE_NUMBER, URL, DATE, DATETIME, AGE] in: 0.019500 sec. (AbstractJdbcTableManager.java [taskScheduler-22])
* INFO  15:34:43,753 Populated analytics tables: 00:00:00.139 (Clock.java [main])
* INFO  15:34:43,756 Invoked analytics table hooks: 00:00:00.143 (Clock.java [main])
* INFO  15:34:43,761 Applied aggregation levels: 00:00:00.148 (Clock.java [main])
* INFO  15:34:43,761 No of analytics table indexes: 35 (DefaultAnalyticsTableService.java [main])
* INFO  15:34:43,801 Created indexes: 00:00:00.188 (Clock.java [main])
* INFO  15:34:43,804 Analyzed tables: 00:00:00.191 (Clock.java [main])
* INFO  15:34:43,804 Removed updated and deleted data: 00:00:00.191 (Clock.java [main])
* INFO  15:34:43,807 Swapping table, master table exists: true, skip master table: false (AbstractJdbcTableManager.java [main])
* INFO  15:34:43,816 Table update done: analytics: 00:00:00.203 (Clock.java [main])
* INFO  15:34:43,817 Analytics table update parameters: AnalyticsTableUpdateParams{last years=null, skip resource tables=false, skip table types=[], skip programs=[], start time=2021-10-29T15:34:04} (DefaultAnalyticsTableService.java [main])
* INFO  15:34:43,817 Starting update of type: COMPLETENESS, table name: 'analytics_completeness', processes: 2: 00:00:00.000 (Clock.java [main])
* INFO  15:34:43,826 Table update start: analytics_completeness, earliest: null, parameters: AnalyticsTableUpdateParams{last years=null, skip resource tables=false, skip table types=[], skip programs=[], start time=2021-10-29T15:34:04}: 00:00:00.008 (Clock.java [main])
* INFO  15:34:43,826 Performed pre-create table work: 00:00:00.008 (Clock.java [main])
* INFO  15:34:43,826 Dropped temp tables: 00:00:00.008 (Clock.java [main])
* INFO  15:34:43,833 Created analytics tables: 00:00:00.015 (Clock.java [main])
* INFO  15:34:43,834 Populate table task number: 1 (DefaultAnalyticsTableService.java [main])
* INFO  15:34:43,843 Populate analytics_completeness_temp_2017 in: 0.007672 sec. (AbstractJdbcTableManager.java [taskScheduler-20])
* INFO  15:34:43,843 Populated analytics tables: 00:00:00.025 (Clock.java [main])
* INFO  15:34:43,844 Invoked analytics table hooks: 00:00:00.027 (Clock.java [main])
* INFO  15:34:43,849 Applied aggregation levels: 00:00:00.031 (Clock.java [main])
* INFO  15:34:43,849 No of analytics table indexes: 28 (DefaultAnalyticsTableService.java [main])
* INFO  15:34:43,879 Created indexes: 00:00:00.061 (Clock.java [main])
* INFO  15:34:43,881 Analyzed tables: 00:00:00.063 (Clock.java [main])
* INFO  15:34:43,881 Removed updated and deleted data: 00:00:00.063 (Clock.java [main])
* INFO  15:34:43,884 Swapping table, master table exists: true, skip master table: false (AbstractJdbcTableManager.java [main])
* INFO  15:34:43,887 Table update done: analytics_completeness: 00:00:00.069 (Clock.java [main])
* INFO  15:34:43,889 Analytics table update parameters: AnalyticsTableUpdateParams{last years=null, skip resource tables=false, skip table types=[], skip programs=[], start time=2021-10-29T15:34:04} (DefaultAnalyticsTableService.java [main])
* INFO  15:34:43,889 Starting update of type: COMPLETENESS_TARGET, table name: 'analytics_completenesstarget', processes: 2: 00:00:00.000 (Clock.java [main])
* INFO  15:34:43,893 Table update start: analytics_completenesstarget, earliest: null, parameters: AnalyticsTableUpdateParams{last years=null, skip resource tables=false, skip table types=[], skip programs=[], start time=2021-10-29T15:34:04}: 00:00:00.004 (Clock.java [main])
* INFO  15:34:43,894 Performed pre-create table work: 00:00:00.004 (Clock.java [main])
* INFO  15:34:43,894 Dropped temp tables: 00:00:00.005 (Clock.java [main])
* INFO  15:34:43,896 Created analytics tables: 00:00:00.007 (Clock.java [main])
* INFO  15:34:43,897 Populate table task number: 1 (DefaultAnalyticsTableService.java [main])
* INFO  15:34:43,901 Populate analytics_completenesstarget_temp in: 0.002946 sec. (AbstractJdbcTableManager.java [taskScheduler-23])
* INFO  15:34:43,901 Populated analytics tables: 00:00:00.012 (Clock.java [main])
* INFO  15:34:43,902 Invoked analytics table hooks: 00:00:00.013 (Clock.java [main])
* INFO  15:34:43,907 Applied aggregation levels: 00:00:00.018 (Clock.java [main])
* INFO  15:34:43,907 No of analytics table indexes: 12 (DefaultAnalyticsTableService.java [main])
* INFO  15:34:43,921 Created indexes: 00:00:00.031 (Clock.java [main])
* INFO  15:34:43,922 Analyzed tables: 00:00:00.033 (Clock.java [main])
* INFO  15:34:43,922 Removed updated and deleted data: 00:00:00.033 (Clock.java [main])
* INFO  15:34:43,925 Swapping table, master table exists: true, skip master table: false (AbstractJdbcTableManager.java [main])
* INFO  15:34:43,927 Table update done: analytics_completenesstarget: 00:00:00.038 (Clock.java [main])
* INFO  15:34:43,928 Analytics table update parameters: AnalyticsTableUpdateParams{last years=null, skip resource tables=false, skip table types=[], skip programs=[], start time=2021-10-29T15:34:04} (DefaultAnalyticsTableService.java [main])
* INFO  15:34:43,928 Starting update of type: ORG_UNIT_TARGET, table name: 'analytics_orgunittarget', processes: 2: 00:00:00.000 (Clock.java [main])
* INFO  15:34:43,931 Table update start: analytics_orgunittarget, earliest: null, parameters: AnalyticsTableUpdateParams{last years=null, skip resource tables=false, skip table types=[], skip programs=[], start time=2021-10-29T15:34:04}: 00:00:00.002 (Clock.java [main])
* INFO  15:34:43,931 Performed pre-create table work: 00:00:00.003 (Clock.java [main])
* INFO  15:34:43,932 Dropped temp tables: 00:00:00.003 (Clock.java [main])
* INFO  15:34:43,934 Created analytics tables: 00:00:00.005 (Clock.java [main])
* INFO  15:34:43,935 Populate table task number: 1 (DefaultAnalyticsTableService.java [main])
* INFO  15:34:43,937 analytics_orgunittarget_temp in: 0.001100 sec. (AbstractJdbcTableManager.java [taskScheduler-5])
* INFO  15:34:43,937 Populated analytics tables: 00:00:00.008 (Clock.java [main])
* INFO  15:34:43,939 Invoked analytics table hooks: 00:00:00.011 (Clock.java [main])
* INFO  15:34:43,944 Applied aggregation levels: 00:00:00.016 (Clock.java [main])
* INFO  15:34:43,945 No of analytics table indexes: 4 (DefaultAnalyticsTableService.java [main])
* INFO  15:34:43,951 Created indexes: 00:00:00.022 (Clock.java [main])
* INFO  15:34:43,951 Analyzed tables: 00:00:00.023 (Clock.java [main])
* INFO  15:34:43,952 Removed updated and deleted data: 00:00:00.023 (Clock.java [main])
* INFO  15:34:43,955 Swapping table, master table exists: true, skip master table: false (AbstractJdbcTableManager.java [main])
* INFO  15:34:43,957 Table update done: analytics_orgunittarget: 00:00:00.028 (Clock.java [main])
* INFO  15:34:43,960 Analytics table update parameters: AnalyticsTableUpdateParams{last years=null, skip resource tables=false, skip table types=[], skip programs=[], start time=2021-10-29T15:34:04} (DefaultAnalyticsTableService.java [main])
* INFO  15:34:43,960 Starting update of type: EVENT, table name: 'analytics_event', processes: 2: 00:00:00.000 (Clock.java [main])
* INFO  15:34:43,963 Analytics table update parameters: AnalyticsTableUpdateParams{last years=null, skip resource tables=false, skip table types=[], skip programs=[], start time=2021-10-29T15:34:04} (DefaultAnalyticsTableService.java [main])
* INFO  15:34:43,963 Starting update of type: VALIDATION_RESULT, table name: 'analytics_validationresult', processes: 2: 00:00:00.000 (Clock.java [main])
* INFO  15:34:43,970 Table update start: analytics_validationresult, earliest: null, parameters: AnalyticsTableUpdateParams{last years=null, skip resource tables=false, skip table types=[], skip programs=[], start time=2021-10-29T15:34:04}: 00:00:00.007 (Clock.java [main])
* INFO  15:34:43,971 Performed pre-create table work: 00:00:00.007 (Clock.java [main])
* INFO  15:34:43,972 Dropped temp tables: 00:00:00.008 (Clock.java [main])
* INFO  15:34:43,978 Created analytics tables: 00:00:00.015 (Clock.java [main])
* INFO  15:34:43,979 Populate table task number: 1 (DefaultAnalyticsTableService.java [main])
* INFO  15:34:43,983 Populate analytics_validationresult_temp_2017 in: 0.003320 sec. (AbstractJdbcTableManager.java [taskScheduler-12])
* INFO  15:34:43,983 Populated analytics tables: 00:00:00.020 (Clock.java [main])
* INFO  15:34:43,985 Invoked analytics table hooks: 00:00:00.022 (Clock.java [main])
* INFO  15:34:43,996 Applied aggregation levels: 00:00:00.033 (Clock.java [main])
* INFO  15:34:43,996 No of analytics table indexes: 28 (DefaultAnalyticsTableService.java [main])
* INFO  15:34:44,033 Created indexes: 00:00:00.070 (Clock.java [main])
* INFO  15:34:44,035 Analyzed tables: 00:00:00.072 (Clock.java [main])
* INFO  15:34:44,035 Removed updated and deleted data: 00:00:00.072 (Clock.java [main])
* INFO  15:34:44,042 Swapping table, master table exists: true, skip master table: false (AbstractJdbcTableManager.java [main])
* INFO  15:34:44,046 Table update done: analytics_validationresult: 00:00:00.083 (Clock.java [main])
* INFO  15:34:44,047 Analytics table update parameters: AnalyticsTableUpdateParams{last years=null, skip resource tables=false, skip table types=[], skip programs=[], start time=2021-10-29T15:34:04} (DefaultAnalyticsTableService.java [main])
* INFO  15:34:44,047 Starting update of type: ENROLLMENT, table name: 'analytics_enrollment', processes: 2: 00:00:00.000 (Clock.java [main])
* INFO  15:34:44,048 Analytics tables updated: 00:00:39.606 (Clock.java [main])
* INFO  15:34:44,897 Analytics tables dropped (DefaultAnalyticsTableService.java [main])
* INFO  15:34:44,901 Analytics tables dropped (DefaultAnalyticsTableService.java [main])
* INFO  15:34:44,903 Analytics tables dropped (DefaultAnalyticsTableService.java [main])
* INFO  15:34:44,905 Analytics tables dropped (DefaultAnalyticsTableService.java [main])
* INFO  15:34:44,905 Analytics tables dropped (DefaultAnalyticsTableService.java [main])
* INFO  15:34:44,909 Analytics tables dropped (DefaultAnalyticsTableService.java [main])
* INFO  15:34:44,909 Analytics tables dropped (DefaultAnalyticsTableService.java [main])
]]></system-out>
  </testcase>
  <testcase name="testSetAggregation" classname="org.hisp.dhis.analytics.data.AnalyticsServiceTest" time="41.879">
    <system-out><![CDATA[* INFO  15:34:46,506 Found 7 analytics table types: [ORG_UNIT_TARGET, EVENT, VALIDATION_RESULT, DATA_VALUE, COMPLETENESS_TARGET, COMPLETENESS, ENROLLMENT] (DefaultAnalyticsTableGenerator.java [main])
* INFO  15:34:46,506 Analytics table update: AnalyticsTableUpdateParams{last years=null, skip resource tables=false, skip table types=[], skip programs=[], start time=2021-10-29T15:34:46} (DefaultAnalyticsTableGenerator.java [main])
* INFO  15:34:46,507 Last successful analytics table update: 'null' (DefaultAnalyticsTableGenerator.java [main])
* INFO  15:34:46,509 Generating resource table: '_orgunitstructure' (JdbcResourceTableStore.java [main])
* INFO  15:34:46,527 Resource table '_orgunitstructure' update done: '00:00:00.017' (JdbcResourceTableStore.java [main])
* INFO  15:34:46,530 Generating resource table: '_datasetorganisationunitcategory' (JdbcResourceTableStore.java [main])
* INFO  15:34:46,538 Resource table '_datasetorganisationunitcategory' update done: '00:00:00.007' (JdbcResourceTableStore.java [main])
* INFO  15:34:46,540 Generating resource table: '_categoryoptioncomboname' (JdbcResourceTableStore.java [main])
* INFO  15:34:46,552 Resource table '_categoryoptioncomboname' update done: '00:00:00.011' (JdbcResourceTableStore.java [main])
* INFO  15:34:46,554 Generating resource table: '_dataelementgroupsetstructure' (JdbcResourceTableStore.java [main])
* INFO  15:34:46,559 Resource table '_dataelementgroupsetstructure' update done: '00:00:00.005' (JdbcResourceTableStore.java [main])
* INFO  15:34:46,561 Generating resource table: '_indicatorgroupsetstructure' (JdbcResourceTableStore.java [main])
* INFO  15:34:46,567 Resource table '_indicatorgroupsetstructure' update done: '00:00:00.005' (JdbcResourceTableStore.java [main])
* INFO  15:34:46,569 Generating resource table: '_organisationunitgroupsetstructure' (JdbcResourceTableStore.java [main])
* INFO  15:34:46,578 Resource table '_organisationunitgroupsetstructure' update done: '00:00:00.009' (JdbcResourceTableStore.java [main])
* INFO  15:34:46,581 Generating resource table: '_categorystructure' (JdbcResourceTableStore.java [main])
* INFO  15:34:46,589 Resource table '_categorystructure' update done: '00:00:00.007' (JdbcResourceTableStore.java [main])
* INFO  15:34:46,591 Generating resource table: '_dataelementstructure' (JdbcResourceTableStore.java [main])
* INFO  15:34:46,606 Resource table '_dataelementstructure' update done: '00:00:00.014' (JdbcResourceTableStore.java [main])
* INFO  15:34:46,608 Generating resource table: '_periodstructure' (JdbcResourceTableStore.java [main])
* INFO  15:34:46,630 Resource table '_periodstructure' update done: '00:00:00.022' (JdbcResourceTableStore.java [main])
* INFO  15:34:46,631 Generating resource table: '_dateperiodstructure' (JdbcResourceTableStore.java [main])
* INFO  15:35:26,266 Resource table '_dateperiodstructure' update done: '00:00:39.634' (JdbcResourceTableStore.java [main])
* INFO  15:35:26,266 Generating resource table: '_dataelementcategoryoptioncombo' (JdbcResourceTableStore.java [main])
* INFO  15:35:26,274 Resource table '_dataelementcategoryoptioncombo' update done: '00:00:00.007' (JdbcResourceTableStore.java [main])
* INFO  15:35:26,281 Analytics table update parameters: AnalyticsTableUpdateParams{last years=null, skip resource tables=false, skip table types=[], skip programs=[], start time=2021-10-29T15:34:46} (DefaultAnalyticsTableService.java [main])
* INFO  15:35:26,281 Starting update of type: DATA_VALUE, table name: 'analytics', processes: 2: 00:00:00.000 (Clock.java [main])
* INFO  15:35:26,294 Table update start: analytics, earliest: null, parameters: AnalyticsTableUpdateParams{last years=null, skip resource tables=false, skip table types=[], skip programs=[], start time=2021-10-29T15:34:46}: 00:00:00.012 (Clock.java [main])
* INFO  15:35:26,297 Performed pre-create table work: 00:00:00.016 (Clock.java [main])
* INFO  15:35:26,298 Dropped temp tables: 00:00:00.016 (Clock.java [main])
* INFO  15:35:26,301 Created analytics tables: 00:00:00.020 (Clock.java [main])
* INFO  15:35:26,303 Populate table task number: 1 (DefaultAnalyticsTableService.java [main])
* INFO  15:35:26,333 Populate analytics_temp_2017 [INTEGER, INTEGER_POSITIVE, INTEGER_NEGATIVE, INTEGER_ZERO_OR_POSITIVE, NUMBER, UNIT_INTERVAL, PERCENTAGE] in: 0.020880 sec. (AbstractJdbcTableManager.java [taskScheduler-2])
* INFO  15:35:26,356 Populate analytics_temp_2017 [TRUE_ONLY, BOOLEAN] in: 0.013678 sec. (AbstractJdbcTableManager.java [taskScheduler-2])
* INFO  15:35:26,381 Populate analytics_temp_2017 [BOOLEAN] in: 0.014807 sec. (AbstractJdbcTableManager.java [taskScheduler-2])
* INFO  15:35:26,409 Populate analytics_temp_2017 [TEXT, LONG_TEXT, LETTER, TIME, USERNAME, EMAIL, PHONE_NUMBER, URL, DATE, DATETIME, AGE] in: 0.018931 sec. (AbstractJdbcTableManager.java [taskScheduler-2])
* INFO  15:35:26,410 Populated analytics tables: 00:00:00.128 (Clock.java [main])
* INFO  15:35:26,412 Invoked analytics table hooks: 00:00:00.130 (Clock.java [main])
* INFO  15:35:26,434 Applied aggregation levels: 00:00:00.152 (Clock.java [main])
* INFO  15:35:26,434 No of analytics table indexes: 35 (DefaultAnalyticsTableService.java [main])
* INFO  15:35:26,474 Created indexes: 00:00:00.192 (Clock.java [main])
* INFO  15:35:26,476 Analyzed tables: 00:00:00.194 (Clock.java [main])
* INFO  15:35:26,476 Removed updated and deleted data: 00:00:00.195 (Clock.java [main])
* INFO  15:35:26,479 Swapping table, master table exists: true, skip master table: false (AbstractJdbcTableManager.java [main])
* INFO  15:35:26,490 Table update done: analytics: 00:00:00.208 (Clock.java [main])
* INFO  15:35:26,493 Analytics table update parameters: AnalyticsTableUpdateParams{last years=null, skip resource tables=false, skip table types=[], skip programs=[], start time=2021-10-29T15:34:46} (DefaultAnalyticsTableService.java [main])
* INFO  15:35:26,493 Starting update of type: COMPLETENESS, table name: 'analytics_completeness', processes: 2: 00:00:00.000 (Clock.java [main])
* INFO  15:35:26,500 Table update start: analytics_completeness, earliest: null, parameters: AnalyticsTableUpdateParams{last years=null, skip resource tables=false, skip table types=[], skip programs=[], start time=2021-10-29T15:34:46}: 00:00:00.006 (Clock.java [main])
* INFO  15:35:26,500 Performed pre-create table work: 00:00:00.006 (Clock.java [main])
* INFO  15:35:26,501 Dropped temp tables: 00:00:00.007 (Clock.java [main])
* INFO  15:35:26,508 Created analytics tables: 00:00:00.014 (Clock.java [main])
* INFO  15:35:26,510 Populate table task number: 1 (DefaultAnalyticsTableService.java [main])
* INFO  15:35:26,517 Populate analytics_completeness_temp_2017 in: 0.007357 sec. (AbstractJdbcTableManager.java [taskScheduler-9])
* INFO  15:35:26,518 Populated analytics tables: 00:00:00.024 (Clock.java [main])
* INFO  15:35:26,519 Invoked analytics table hooks: 00:00:00.026 (Clock.java [main])
* INFO  15:35:26,525 Applied aggregation levels: 00:00:00.031 (Clock.java [main])
* INFO  15:35:26,525 No of analytics table indexes: 28 (DefaultAnalyticsTableService.java [main])
* INFO  15:35:26,559 Created indexes: 00:00:00.065 (Clock.java [main])
* INFO  15:35:26,561 Analyzed tables: 00:00:00.067 (Clock.java [main])
* INFO  15:35:26,561 Removed updated and deleted data: 00:00:00.068 (Clock.java [main])
* INFO  15:35:26,564 Swapping table, master table exists: true, skip master table: false (AbstractJdbcTableManager.java [main])
* INFO  15:35:26,568 Table update done: analytics_completeness: 00:00:00.075 (Clock.java [main])
* INFO  15:35:26,570 Analytics table update parameters: AnalyticsTableUpdateParams{last years=null, skip resource tables=false, skip table types=[], skip programs=[], start time=2021-10-29T15:34:46} (DefaultAnalyticsTableService.java [main])
* INFO  15:35:26,570 Starting update of type: COMPLETENESS_TARGET, table name: 'analytics_completenesstarget', processes: 2: 00:00:00.000 (Clock.java [main])
* INFO  15:35:26,574 Table update start: analytics_completenesstarget, earliest: null, parameters: AnalyticsTableUpdateParams{last years=null, skip resource tables=false, skip table types=[], skip programs=[], start time=2021-10-29T15:34:46}: 00:00:00.004 (Clock.java [main])
* INFO  15:35:26,574 Performed pre-create table work: 00:00:00.004 (Clock.java [main])
* INFO  15:35:26,575 Dropped temp tables: 00:00:00.004 (Clock.java [main])
* INFO  15:35:26,577 Created analytics tables: 00:00:00.006 (Clock.java [main])
* INFO  15:35:26,578 Populate table task number: 1 (DefaultAnalyticsTableService.java [main])
* INFO  15:35:26,581 Populate analytics_completenesstarget_temp in: 0.002556 sec. (AbstractJdbcTableManager.java [taskScheduler-12])
* INFO  15:35:26,581 Populated analytics tables: 00:00:00.011 (Clock.java [main])
* INFO  15:35:26,583 Invoked analytics table hooks: 00:00:00.012 (Clock.java [main])
* INFO  15:35:26,587 Applied aggregation levels: 00:00:00.017 (Clock.java [main])
* INFO  15:35:26,587 No of analytics table indexes: 12 (DefaultAnalyticsTableService.java [main])
* INFO  15:35:26,602 Created indexes: 00:00:00.031 (Clock.java [main])
* INFO  15:35:26,604 Analyzed tables: 00:00:00.033 (Clock.java [main])
* INFO  15:35:26,604 Removed updated and deleted data: 00:00:00.034 (Clock.java [main])
* INFO  15:35:26,607 Swapping table, master table exists: true, skip master table: false (AbstractJdbcTableManager.java [main])
* INFO  15:35:26,610 Table update done: analytics_completenesstarget: 00:00:00.040 (Clock.java [main])
* INFO  15:35:26,612 Analytics table update parameters: AnalyticsTableUpdateParams{last years=null, skip resource tables=false, skip table types=[], skip programs=[], start time=2021-10-29T15:34:46} (DefaultAnalyticsTableService.java [main])
* INFO  15:35:26,612 Starting update of type: ORG_UNIT_TARGET, table name: 'analytics_orgunittarget', processes: 2: 00:00:00.000 (Clock.java [main])
* INFO  15:35:26,614 Table update start: analytics_orgunittarget, earliest: null, parameters: AnalyticsTableUpdateParams{last years=null, skip resource tables=false, skip table types=[], skip programs=[], start time=2021-10-29T15:34:46}: 00:00:00.002 (Clock.java [main])
* INFO  15:35:26,614 Performed pre-create table work: 00:00:00.002 (Clock.java [main])
* INFO  15:35:26,615 Dropped temp tables: 00:00:00.003 (Clock.java [main])
* INFO  15:35:26,617 Created analytics tables: 00:00:00.004 (Clock.java [main])
* INFO  15:35:26,618 Populate table task number: 1 (DefaultAnalyticsTableService.java [main])
* INFO  15:35:26,619 analytics_orgunittarget_temp in: 0.001121 sec. (AbstractJdbcTableManager.java [taskScheduler-7])
* INFO  15:35:26,620 Populated analytics tables: 00:00:00.008 (Clock.java [main])
* INFO  15:35:26,622 Invoked analytics table hooks: 00:00:00.009 (Clock.java [main])
* INFO  15:35:26,626 Applied aggregation levels: 00:00:00.014 (Clock.java [main])
* INFO  15:35:26,626 No of analytics table indexes: 4 (DefaultAnalyticsTableService.java [main])
* INFO  15:35:26,632 Created indexes: 00:00:00.020 (Clock.java [main])
* INFO  15:35:26,633 Analyzed tables: 00:00:00.021 (Clock.java [main])
* INFO  15:35:26,633 Removed updated and deleted data: 00:00:00.021 (Clock.java [main])
* INFO  15:35:26,636 Swapping table, master table exists: true, skip master table: false (AbstractJdbcTableManager.java [main])
* INFO  15:35:26,638 Table update done: analytics_orgunittarget: 00:00:00.026 (Clock.java [main])
* INFO  15:35:26,639 Analytics table update parameters: AnalyticsTableUpdateParams{last years=null, skip resource tables=false, skip table types=[], skip programs=[], start time=2021-10-29T15:34:46} (DefaultAnalyticsTableService.java [main])
* INFO  15:35:26,639 Starting update of type: EVENT, table name: 'analytics_event', processes: 2: 00:00:00.000 (Clock.java [main])
* INFO  15:35:26,641 Analytics table update parameters: AnalyticsTableUpdateParams{last years=null, skip resource tables=false, skip table types=[], skip programs=[], start time=2021-10-29T15:34:46} (DefaultAnalyticsTableService.java [main])
* INFO  15:35:26,641 Starting update of type: VALIDATION_RESULT, table name: 'analytics_validationresult', processes: 2: 00:00:00.000 (Clock.java [main])
* INFO  15:35:26,649 Table update start: analytics_validationresult, earliest: null, parameters: AnalyticsTableUpdateParams{last years=null, skip resource tables=false, skip table types=[], skip programs=[], start time=2021-10-29T15:34:46}: 00:00:00.008 (Clock.java [main])
* INFO  15:35:26,649 Performed pre-create table work: 00:00:00.008 (Clock.java [main])
* INFO  15:35:26,650 Dropped temp tables: 00:00:00.008 (Clock.java [main])
* INFO  15:35:26,658 Created analytics tables: 00:00:00.016 (Clock.java [main])
* INFO  15:35:26,659 Populate table task number: 1 (DefaultAnalyticsTableService.java [main])
* INFO  15:35:26,663 Populate analytics_validationresult_temp_2017 in: 0.003167 sec. (AbstractJdbcTableManager.java [taskScheduler-10])
* INFO  15:35:26,663 Populated analytics tables: 00:00:00.021 (Clock.java [main])
* INFO  15:35:26,665 Invoked analytics table hooks: 00:00:00.023 (Clock.java [main])
* INFO  15:35:26,669 Applied aggregation levels: 00:00:00.027 (Clock.java [main])
* INFO  15:35:26,669 No of analytics table indexes: 28 (DefaultAnalyticsTableService.java [main])
* INFO  15:35:26,699 Created indexes: 00:00:00.057 (Clock.java [main])
* INFO  15:35:26,701 Analyzed tables: 00:00:00.059 (Clock.java [main])
* INFO  15:35:26,701 Removed updated and deleted data: 00:00:00.059 (Clock.java [main])
* INFO  15:35:26,704 Swapping table, master table exists: true, skip master table: false (AbstractJdbcTableManager.java [main])
* INFO  15:35:26,707 Table update done: analytics_validationresult: 00:00:00.066 (Clock.java [main])
* INFO  15:35:26,709 Analytics table update parameters: AnalyticsTableUpdateParams{last years=null, skip resource tables=false, skip table types=[], skip programs=[], start time=2021-10-29T15:34:46} (DefaultAnalyticsTableService.java [main])
* INFO  15:35:26,709 Starting update of type: ENROLLMENT, table name: 'analytics_enrollment', processes: 2: 00:00:00.000 (Clock.java [main])
* INFO  15:35:26,710 Analytics tables updated: 00:00:40.205 (Clock.java [main])
* INFO  15:35:26,794 Analytics tables dropped (DefaultAnalyticsTableService.java [main])
* INFO  15:35:26,801 Analytics tables dropped (DefaultAnalyticsTableService.java [main])
* INFO  15:35:26,806 Analytics tables dropped (DefaultAnalyticsTableService.java [main])
* INFO  15:35:26,808 Analytics tables dropped (DefaultAnalyticsTableService.java [main])
* INFO  15:35:26,808 Analytics tables dropped (DefaultAnalyticsTableService.java [main])
* INFO  15:35:26,812 Analytics tables dropped (DefaultAnalyticsTableService.java [main])
* INFO  15:35:26,812 Analytics tables dropped (DefaultAnalyticsTableService.java [main])
]]></system-out>
  </testcase>
</testsuite>
